22.10.2015 19:08:15.742 [main] INFO  edu.hm.cs.fs.restapi.Application - Starting Application on Chucky with PID 4440 (C:\Programming\github\fs-rest\server\target\classes started by Luca in C:\Programming\github\fs-rest\server)
22.10.2015 19:08:15.859 [main] INFO  o.s.b.c.e.AnnotationConfigEmbeddedWebApplicationContext - Refreshing org.springframework.boot.context.embedded.AnnotationConfigEmbeddedWebApplicationContext@2f490758: startup date [Thu Oct 22 19:08:15 CEST 2015]; root of context hierarchy
22.10.2015 19:08:17.355 [main] INFO  o.s.b.f.s.DefaultListableBeanFactory - Overriding bean definition for bean 'beanNameViewResolver': replacing [Root bean: class [null]; scope=; abstract=false; lazyInit=false; autowireMode=3; dependencyCheck=0; autowireCandidate=true; primary=false; factoryBeanName=org.springframework.boot.autoconfigure.web.ErrorMvcAutoConfiguration$WhitelabelErrorViewConfiguration; factoryMethodName=beanNameViewResolver; initMethodName=null; destroyMethodName=(inferred); defined in class path resource [org/springframework/boot/autoconfigure/web/ErrorMvcAutoConfiguration$WhitelabelErrorViewConfiguration.class]] with [Root bean: class [null]; scope=; abstract=false; lazyInit=false; autowireMode=3; dependencyCheck=0; autowireCandidate=true; primary=false; factoryBeanName=org.springframework.boot.autoconfigure.web.WebMvcAutoConfiguration$WebMvcAutoConfigurationAdapter; factoryMethodName=beanNameViewResolver; initMethodName=null; destroyMethodName=(inferred); defined in class path resource [org/springframework/boot/autoconfigure/web/WebMvcAutoConfiguration$WebMvcAutoConfigurationAdapter.class]]
22.10.2015 19:08:17.754 [main] INFO  o.h.validator.internal.util.Version - HV000001: Hibernate Validator 5.1.3.Final
22.10.2015 19:08:18.551 [main] INFO  o.s.b.c.e.t.TomcatEmbeddedServletContainer - Tomcat initialized with port(s): 8080 (http)
22.10.2015 19:08:18.823 [main] INFO  o.a.catalina.core.StandardService - Starting service Tomcat
22.10.2015 19:08:18.824 [main] INFO  o.a.catalina.core.StandardEngine - Starting Servlet Engine: Apache Tomcat/8.0.23
22.10.2015 19:08:19.321 [localhost-startStop-1] INFO  org.apache.jasper.servlet.TldScanner - At least one JAR was scanned for TLDs yet contained no TLDs. Enable debug logging for this logger for a complete list of JARs that were scanned but no TLDs were found in them. Skipping unneeded JARs during scanning can improve startup time and JSP compilation time.
22.10.2015 19:08:19.326 [localhost-startStop-1] INFO  o.a.c.c.C.[Tomcat].[localhost].[/] - Initializing Spring embedded WebApplicationContext
22.10.2015 19:08:19.327 [localhost-startStop-1] INFO  o.s.web.context.ContextLoader - Root WebApplicationContext: initialization completed in 3473 ms
22.10.2015 19:08:20.203 [localhost-startStop-1] INFO  o.s.b.c.e.ServletRegistrationBean - Mapping servlet: 'dispatcherServlet' to [/]
22.10.2015 19:08:20.207 [localhost-startStop-1] INFO  o.s.b.c.e.FilterRegistrationBean - Mapping filter: 'characterEncodingFilter' to: [/*]
22.10.2015 19:08:20.208 [localhost-startStop-1] INFO  o.s.b.c.e.FilterRegistrationBean - Mapping filter: 'hiddenHttpMethodFilter' to: [/*]
22.10.2015 19:08:20.208 [localhost-startStop-1] INFO  o.s.b.c.e.FilterRegistrationBean - Mapping filter: 'simpleCORSFilter' to: [/*]
22.10.2015 19:08:20.462 [main] INFO  o.s.w.s.m.m.a.RequestMappingHandlerMapping - Mapped "{[/rest/api/1/blackboard],methods=[],params=[],headers=[],consumes=[],produces=[],custom=[]}" onto public java.util.List<edu.hm.cs.fs.common.model.BlackboardEntry> edu.hm.cs.fs.restapi.controller.v1.BlackboardController.getBlackboard(java.lang.String,long,long,edu.hm.cs.fs.common.model.Group) throws java.lang.Exception
22.10.2015 19:08:20.462 [main] INFO  o.s.w.s.m.m.a.RequestMappingHandlerMapping - Mapped "{[/rest/api/1/cache],methods=[],params=[],headers=[],consumes=[],produces=[],custom=[]}" onto public java.lang.String edu.hm.cs.fs.restapi.controller.v1.CacheController.show(java.util.Map<java.lang.String, java.lang.Object>)
22.10.2015 19:08:20.463 [main] INFO  o.s.w.s.m.m.a.RequestMappingHandlerMapping - Mapped "{[/rest/api/1/calendar/holiday],methods=[],params=[],headers=[],consumes=[],produces=[],custom=[]}" onto public java.util.List<edu.hm.cs.fs.common.model.Holiday> edu.hm.cs.fs.restapi.controller.v1.CalendarController.getHolidays() throws java.lang.Exception
22.10.2015 19:08:20.463 [main] INFO  o.s.w.s.m.m.a.RequestMappingHandlerMapping - Mapped "{[/rest/api/1/calendar/termin],methods=[],params=[],headers=[],consumes=[],produces=[],custom=[]}" onto public java.util.List<edu.hm.cs.fs.common.model.Termin> edu.hm.cs.fs.restapi.controller.v1.CalendarController.getTermins() throws java.lang.Exception
22.10.2015 19:08:20.464 [main] INFO  o.s.w.s.m.m.a.RequestMappingHandlerMapping - Mapped "{[/rest/api/1],methods=[],params=[],headers=[],consumes=[],produces=[],custom=[]}" onto public java.lang.String edu.hm.cs.fs.restapi.controller.v1.EndpointsController.show(java.util.Map<java.lang.String, java.lang.Object>)
22.10.2015 19:08:20.470 [main] INFO  o.s.w.s.m.m.a.RequestMappingHandlerMapping - Mapped "{[/rest/api/1/exam],methods=[],params=[],headers=[],consumes=[],produces=[],custom=[]}" onto public java.util.List<edu.hm.cs.fs.common.model.Exam> edu.hm.cs.fs.restapi.controller.v1.ExamController.getExams(edu.hm.cs.fs.common.model.Group,java.lang.String) throws java.lang.Exception
22.10.2015 19:08:20.471 [main] INFO  o.s.w.s.m.m.a.RequestMappingHandlerMapping - Mapped "{[/rest/api/1/fs/presence],methods=[],params=[],headers=[],consumes=[],produces=[],custom=[]}" onto public java.util.List<edu.hm.cs.fs.common.model.Presence> edu.hm.cs.fs.restapi.controller.v1.FsController.getPresence() throws java.lang.Exception
22.10.2015 19:08:20.473 [main] INFO  o.s.w.s.m.m.a.RequestMappingHandlerMapping - Mapped "{[/rest/api/1/fs/news],methods=[],params=[],headers=[],consumes=[],produces=[],custom=[]}" onto public java.util.List<edu.hm.cs.fs.common.model.News> edu.hm.cs.fs.restapi.controller.v1.FsController.getNews() throws java.lang.Exception
22.10.2015 19:08:20.476 [main] INFO  o.s.w.s.m.m.a.RequestMappingHandlerMapping - Mapped "{[/rest/api/1/job],methods=[],params=[],headers=[],consumes=[],produces=[],custom=[]}" onto public edu.hm.cs.fs.common.model.Job edu.hm.cs.fs.restapi.controller.v1.JobController.getJobById(java.lang.String) throws java.lang.Exception
22.10.2015 19:08:20.478 [main] INFO  o.s.w.s.m.m.a.RequestMappingHandlerMapping - Mapped "{[/rest/api/1/jobs],methods=[],params=[],headers=[],consumes=[],produces=[],custom=[]}" onto public java.util.List<edu.hm.cs.fs.common.model.simple.SimpleJob> edu.hm.cs.fs.restapi.controller.v1.JobController.getJobs(java.lang.String) throws java.lang.Exception
22.10.2015 19:08:20.483 [main] INFO  o.s.w.s.m.m.a.RequestMappingHandlerMapping - Mapped "{[/rest/api/1/lostandfound],methods=[],params=[],headers=[],consumes=[],produces=[],custom=[]}" onto public java.util.List<edu.hm.cs.fs.common.model.LostFound> edu.hm.cs.fs.restapi.controller.v1.LostFoundController.lostFound(java.lang.String) throws java.lang.Exception
22.10.2015 19:08:20.486 [main] INFO  o.s.w.s.m.m.a.RequestMappingHandlerMapping - Mapped "{[/rest/api/1/meal],methods=[],params=[],headers=[],consumes=[],produces=[],custom=[]}" onto public java.util.List<edu.hm.cs.fs.common.model.Meal> edu.hm.cs.fs.restapi.controller.v1.MealController.getMeals(edu.hm.cs.fs.common.constant.StudentWorkMunich) throws java.lang.Exception
22.10.2015 19:08:20.489 [main] INFO  o.s.w.s.m.m.a.RequestMappingHandlerMapping - Mapped "{[/rest/api/1/module],methods=[],params=[],headers=[],consumes=[],produces=[],custom=[]}" onto public edu.hm.cs.fs.common.model.Module edu.hm.cs.fs.restapi.controller.v1.ModuleController.getModuleById(java.lang.String) throws java.lang.Exception
22.10.2015 19:08:20.490 [main] INFO  o.s.w.s.m.m.a.RequestMappingHandlerMapping - Mapped "{[/rest/api/1/modules],methods=[],params=[],headers=[],consumes=[],produces=[],custom=[]}" onto public java.util.List<edu.hm.cs.fs.common.model.simple.SimpleModule> edu.hm.cs.fs.restapi.controller.v1.ModuleController.getModules() throws java.lang.Exception
22.10.2015 19:08:20.493 [main] INFO  o.s.w.s.m.m.a.RequestMappingHandlerMapping - Mapped "{[/rest/api/1/persons],methods=[],params=[],headers=[],consumes=[],produces=[],custom=[]}" onto public java.util.List<edu.hm.cs.fs.common.model.simple.SimplePerson> edu.hm.cs.fs.restapi.controller.v1.PersonController.getPersons() throws java.lang.Exception
22.10.2015 19:08:20.493 [main] INFO  o.s.w.s.m.m.a.RequestMappingHandlerMapping - Mapped "{[/rest/api/1/person],methods=[],params=[],headers=[],consumes=[],produces=[],custom=[]}" onto public edu.hm.cs.fs.common.model.Person edu.hm.cs.fs.restapi.controller.v1.PersonController.getPersonById(java.lang.String) throws java.lang.Exception
22.10.2015 19:08:20.495 [main] INFO  o.s.w.s.m.m.a.RequestMappingHandlerMapping - Mapped "{[/rest/api/1/publicTransport],methods=[],params=[],headers=[],consumes=[],produces=[],custom=[]}" onto public java.util.List<edu.hm.cs.fs.common.model.PublicTransport> edu.hm.cs.fs.restapi.controller.v1.PublicTransportController.getPublicTransports(edu.hm.cs.fs.common.constant.PublicTransportLocation) throws java.lang.Exception
22.10.2015 19:08:20.502 [main] INFO  o.s.w.s.m.m.a.RequestMappingHandlerMapping - Mapped "{[/rest/api/1/room],methods=[],params=[],headers=[],consumes=[],produces=[],custom=[]}" onto public java.util.List<edu.hm.cs.fs.common.model.simple.SimpleRoom> edu.hm.cs.fs.restapi.controller.v1.RoomController.getRoomByDateTime(edu.hm.cs.fs.common.constant.RoomType,edu.hm.cs.fs.common.constant.Day,int,int) throws java.lang.Exception
22.10.2015 19:08:20.505 [main] INFO  o.s.w.s.m.m.a.RequestMappingHandlerMapping - Mapped "{[/rest/api/1/timetable/modules],methods=[],params=[],headers=[],consumes=[],produces=[],custom=[]}" onto public java.util.List<edu.hm.cs.fs.common.model.LessonGroup> edu.hm.cs.fs.restapi.controller.v1.TimetableController.getLessonsGroups(edu.hm.cs.fs.common.model.Group) throws java.lang.Exception
22.10.2015 19:08:20.506 [main] INFO  o.s.w.s.m.m.a.RequestMappingHandlerMapping - Mapped "{[/rest/api/1/timetable/lessons],methods=[],params=[],headers=[],consumes=[],produces=[],custom=[]}" onto public java.util.List<edu.hm.cs.fs.common.model.Lesson> edu.hm.cs.fs.restapi.controller.v1.TimetableController.getLessons(edu.hm.cs.fs.common.model.Group,java.lang.String,java.lang.String,int) throws java.lang.Exception
22.10.2015 19:08:20.512 [main] INFO  o.s.w.s.m.m.a.RequestMappingHandlerMapping - Mapped "{[/error],methods=[],params=[],headers=[],consumes=[],produces=[],custom=[]}" onto public org.springframework.http.ResponseEntity<java.util.Map<java.lang.String, java.lang.Object>> org.springframework.boot.autoconfigure.web.BasicErrorController.error(javax.servlet.http.HttpServletRequest)
22.10.2015 19:08:20.512 [main] INFO  o.s.w.s.m.m.a.RequestMappingHandlerMapping - Mapped "{[/error],methods=[],params=[],headers=[],consumes=[],produces=[text/html],custom=[]}" onto public org.springframework.web.servlet.ModelAndView org.springframework.boot.autoconfigure.web.BasicErrorController.errorHtml(javax.servlet.http.HttpServletRequest)
22.10.2015 19:08:20.639 [main] INFO  o.s.w.s.m.m.a.RequestMappingHandlerAdapter - Looking for @ControllerAdvice: org.springframework.boot.context.embedded.AnnotationConfigEmbeddedWebApplicationContext@2f490758: startup date [Thu Oct 22 19:08:15 CEST 2015]; root of context hierarchy
22.10.2015 19:08:20.706 [main] INFO  o.s.w.s.h.SimpleUrlHandlerMapping - Mapped URL path [/webjars/**] onto handler of type [class org.springframework.web.servlet.resource.ResourceHttpRequestHandler]
22.10.2015 19:08:20.706 [main] INFO  o.s.w.s.h.SimpleUrlHandlerMapping - Mapped URL path [/**] onto handler of type [class org.springframework.web.servlet.resource.ResourceHttpRequestHandler]
22.10.2015 19:08:20.747 [main] INFO  o.s.w.s.m.m.a.ExceptionHandlerExceptionResolver - Detected @ExceptionHandler methods in defaultExceptionHandler
22.10.2015 19:08:20.777 [main] INFO  o.s.w.s.h.SimpleUrlHandlerMapping - Mapped URL path [/**/favicon.ico] onto handler of type [class org.springframework.web.servlet.resource.ResourceHttpRequestHandler]
22.10.2015 19:08:20.919 [main] INFO  o.s.j.e.a.AnnotationMBeanExporter - Registering beans for JMX exposure on startup
22.10.2015 19:08:20.945 [main] INFO  o.a.coyote.http11.Http11NioProtocol - Initializing ProtocolHandler ["http-nio-8080"]
22.10.2015 19:08:20.952 [main] INFO  o.a.coyote.http11.Http11NioProtocol - Starting ProtocolHandler ["http-nio-8080"]
22.10.2015 19:08:20.965 [main] INFO  o.a.tomcat.util.net.NioSelectorPool - Using a shared selector for servlet write/read
22.10.2015 19:08:20.995 [main] INFO  o.s.b.c.e.t.TomcatEmbeddedServletContainer - Tomcat started on port(s): 8080 (http)
22.10.2015 19:08:20.996 [main] INFO  edu.hm.cs.fs.restapi.Application - Started Application in 5.84 seconds (JVM running for 8.45)
22.10.2015 19:08:20.999 [pool-1-thread-1] INFO  edu.hm.cs.fs.restapi.Application - Start updating cache files
22.10.2015 19:08:21.006 [pool-1-thread-1] INFO  e.h.c.f.r.p.cache.CachedPersonParser - Start updating cache file for CachedPersonParser
22.10.2015 19:08:25.024 [pool-1-thread-1] INFO  e.h.c.f.r.p.cache.CachedPersonParser - Finished updating cache file for CachedPersonParser
22.10.2015 19:08:25.027 [pool-1-thread-1] INFO  e.h.c.f.r.p.cache.CachedModuleParser - Start updating cache file for CachedModuleParser
22.10.2015 19:09:12.919 [main] INFO  edu.hm.cs.fs.restapi.Application - Starting Application on Chucky with PID 10152 (C:\Programming\github\fs-rest\server\target\classes started by Luca in C:\Programming\github\fs-rest\server)
22.10.2015 19:09:13.071 [main] INFO  o.s.b.c.e.AnnotationConfigEmbeddedWebApplicationContext - Refreshing org.springframework.boot.context.embedded.AnnotationConfigEmbeddedWebApplicationContext@2f490758: startup date [Thu Oct 22 19:09:13 CEST 2015]; root of context hierarchy
22.10.2015 19:09:15.999 [main] INFO  o.s.b.f.s.DefaultListableBeanFactory - Overriding bean definition for bean 'beanNameViewResolver': replacing [Root bean: class [null]; scope=; abstract=false; lazyInit=false; autowireMode=3; dependencyCheck=0; autowireCandidate=true; primary=false; factoryBeanName=org.springframework.boot.autoconfigure.web.ErrorMvcAutoConfiguration$WhitelabelErrorViewConfiguration; factoryMethodName=beanNameViewResolver; initMethodName=null; destroyMethodName=(inferred); defined in class path resource [org/springframework/boot/autoconfigure/web/ErrorMvcAutoConfiguration$WhitelabelErrorViewConfiguration.class]] with [Root bean: class [null]; scope=; abstract=false; lazyInit=false; autowireMode=3; dependencyCheck=0; autowireCandidate=true; primary=false; factoryBeanName=org.springframework.boot.autoconfigure.web.WebMvcAutoConfiguration$WebMvcAutoConfigurationAdapter; factoryMethodName=beanNameViewResolver; initMethodName=null; destroyMethodName=(inferred); defined in class path resource [org/springframework/boot/autoconfigure/web/WebMvcAutoConfiguration$WebMvcAutoConfigurationAdapter.class]]
22.10.2015 19:09:16.880 [main] INFO  o.h.validator.internal.util.Version - HV000001: Hibernate Validator 5.1.3.Final
22.10.2015 19:09:18.309 [main] INFO  o.s.b.c.e.t.TomcatEmbeddedServletContainer - Tomcat initialized with port(s): 8080 (http)
22.10.2015 19:09:18.977 [main] INFO  o.a.catalina.core.StandardService - Starting service Tomcat
22.10.2015 19:09:18.983 [main] INFO  o.a.catalina.core.StandardEngine - Starting Servlet Engine: Apache Tomcat/8.0.23
22.10.2015 19:09:19.587 [localhost-startStop-1] INFO  org.apache.jasper.servlet.TldScanner - At least one JAR was scanned for TLDs yet contained no TLDs. Enable debug logging for this logger for a complete list of JARs that were scanned but no TLDs were found in them. Skipping unneeded JARs during scanning can improve startup time and JSP compilation time.
22.10.2015 19:09:19.596 [localhost-startStop-1] INFO  o.a.c.c.C.[Tomcat].[localhost].[/] - Initializing Spring embedded WebApplicationContext
22.10.2015 19:09:19.597 [localhost-startStop-1] INFO  o.s.web.context.ContextLoader - Root WebApplicationContext: initialization completed in 6536 ms
22.10.2015 19:09:20.638 [localhost-startStop-1] INFO  o.s.b.c.e.ServletRegistrationBean - Mapping servlet: 'dispatcherServlet' to [/]
22.10.2015 19:09:20.644 [localhost-startStop-1] INFO  o.s.b.c.e.FilterRegistrationBean - Mapping filter: 'characterEncodingFilter' to: [/*]
22.10.2015 19:09:20.645 [localhost-startStop-1] INFO  o.s.b.c.e.FilterRegistrationBean - Mapping filter: 'hiddenHttpMethodFilter' to: [/*]
22.10.2015 19:09:20.645 [localhost-startStop-1] INFO  o.s.b.c.e.FilterRegistrationBean - Mapping filter: 'simpleCORSFilter' to: [/*]
22.10.2015 19:09:21.016 [main] INFO  o.s.w.s.m.m.a.RequestMappingHandlerMapping - Mapped "{[/rest/api/1/blackboard],methods=[],params=[],headers=[],consumes=[],produces=[],custom=[]}" onto public java.util.List<edu.hm.cs.fs.common.model.BlackboardEntry> edu.hm.cs.fs.restapi.controller.v1.BlackboardController.getBlackboard(java.lang.String,long,long,edu.hm.cs.fs.common.model.Group) throws java.lang.Exception
22.10.2015 19:09:21.017 [main] INFO  o.s.w.s.m.m.a.RequestMappingHandlerMapping - Mapped "{[/rest/api/1/cache],methods=[],params=[],headers=[],consumes=[],produces=[],custom=[]}" onto public java.lang.String edu.hm.cs.fs.restapi.controller.v1.CacheController.show(java.util.Map<java.lang.String, java.lang.Object>)
22.10.2015 19:09:21.018 [main] INFO  o.s.w.s.m.m.a.RequestMappingHandlerMapping - Mapped "{[/rest/api/1/calendar/termin],methods=[],params=[],headers=[],consumes=[],produces=[],custom=[]}" onto public java.util.List<edu.hm.cs.fs.common.model.Termin> edu.hm.cs.fs.restapi.controller.v1.CalendarController.getTermins() throws java.lang.Exception
22.10.2015 19:09:21.018 [main] INFO  o.s.w.s.m.m.a.RequestMappingHandlerMapping - Mapped "{[/rest/api/1/calendar/holiday],methods=[],params=[],headers=[],consumes=[],produces=[],custom=[]}" onto public java.util.List<edu.hm.cs.fs.common.model.Holiday> edu.hm.cs.fs.restapi.controller.v1.CalendarController.getHolidays() throws java.lang.Exception
22.10.2015 19:09:21.021 [main] INFO  o.s.w.s.m.m.a.RequestMappingHandlerMapping - Mapped "{[/rest/api/1],methods=[],params=[],headers=[],consumes=[],produces=[],custom=[]}" onto public java.lang.String edu.hm.cs.fs.restapi.controller.v1.EndpointsController.show(java.util.Map<java.lang.String, java.lang.Object>)
22.10.2015 19:09:21.025 [main] INFO  o.s.w.s.m.m.a.RequestMappingHandlerMapping - Mapped "{[/rest/api/1/exam],methods=[],params=[],headers=[],consumes=[],produces=[],custom=[]}" onto public java.util.List<edu.hm.cs.fs.common.model.Exam> edu.hm.cs.fs.restapi.controller.v1.ExamController.getExams(edu.hm.cs.fs.common.model.Group,java.lang.String) throws java.lang.Exception
22.10.2015 19:09:21.027 [main] INFO  o.s.w.s.m.m.a.RequestMappingHandlerMapping - Mapped "{[/rest/api/1/fs/presence],methods=[],params=[],headers=[],consumes=[],produces=[],custom=[]}" onto public java.util.List<edu.hm.cs.fs.common.model.Presence> edu.hm.cs.fs.restapi.controller.v1.FsController.getPresence() throws java.lang.Exception
22.10.2015 19:09:21.028 [main] INFO  o.s.w.s.m.m.a.RequestMappingHandlerMapping - Mapped "{[/rest/api/1/fs/news],methods=[],params=[],headers=[],consumes=[],produces=[],custom=[]}" onto public java.util.List<edu.hm.cs.fs.common.model.News> edu.hm.cs.fs.restapi.controller.v1.FsController.getNews() throws java.lang.Exception
22.10.2015 19:09:21.031 [main] INFO  o.s.w.s.m.m.a.RequestMappingHandlerMapping - Mapped "{[/rest/api/1/jobs],methods=[],params=[],headers=[],consumes=[],produces=[],custom=[]}" onto public java.util.List<edu.hm.cs.fs.common.model.simple.SimpleJob> edu.hm.cs.fs.restapi.controller.v1.JobController.getJobs(java.lang.String) throws java.lang.Exception
22.10.2015 19:09:21.031 [main] INFO  o.s.w.s.m.m.a.RequestMappingHandlerMapping - Mapped "{[/rest/api/1/job],methods=[],params=[],headers=[],consumes=[],produces=[],custom=[]}" onto public edu.hm.cs.fs.common.model.Job edu.hm.cs.fs.restapi.controller.v1.JobController.getJobById(java.lang.String) throws java.lang.Exception
22.10.2015 19:09:21.033 [main] INFO  o.s.w.s.m.m.a.RequestMappingHandlerMapping - Mapped "{[/rest/api/1/lostandfound],methods=[],params=[],headers=[],consumes=[],produces=[],custom=[]}" onto public java.util.List<edu.hm.cs.fs.common.model.LostFound> edu.hm.cs.fs.restapi.controller.v1.LostFoundController.lostFound(java.lang.String) throws java.lang.Exception
22.10.2015 19:09:21.036 [main] INFO  o.s.w.s.m.m.a.RequestMappingHandlerMapping - Mapped "{[/rest/api/1/meal],methods=[],params=[],headers=[],consumes=[],produces=[],custom=[]}" onto public java.util.List<edu.hm.cs.fs.common.model.Meal> edu.hm.cs.fs.restapi.controller.v1.MealController.getMeals(edu.hm.cs.fs.common.constant.StudentWorkMunich) throws java.lang.Exception
22.10.2015 19:09:21.039 [main] INFO  o.s.w.s.m.m.a.RequestMappingHandlerMapping - Mapped "{[/rest/api/1/module],methods=[],params=[],headers=[],consumes=[],produces=[],custom=[]}" onto public edu.hm.cs.fs.common.model.Module edu.hm.cs.fs.restapi.controller.v1.ModuleController.getModuleById(java.lang.String) throws java.lang.Exception
22.10.2015 19:09:21.041 [main] INFO  o.s.w.s.m.m.a.RequestMappingHandlerMapping - Mapped "{[/rest/api/1/modules],methods=[],params=[],headers=[],consumes=[],produces=[],custom=[]}" onto public java.util.List<edu.hm.cs.fs.common.model.simple.SimpleModule> edu.hm.cs.fs.restapi.controller.v1.ModuleController.getModules() throws java.lang.Exception
22.10.2015 19:09:21.043 [main] INFO  o.s.w.s.m.m.a.RequestMappingHandlerMapping - Mapped "{[/rest/api/1/person],methods=[],params=[],headers=[],consumes=[],produces=[],custom=[]}" onto public edu.hm.cs.fs.common.model.Person edu.hm.cs.fs.restapi.controller.v1.PersonController.getPersonById(java.lang.String) throws java.lang.Exception
22.10.2015 19:09:21.044 [main] INFO  o.s.w.s.m.m.a.RequestMappingHandlerMapping - Mapped "{[/rest/api/1/persons],methods=[],params=[],headers=[],consumes=[],produces=[],custom=[]}" onto public java.util.List<edu.hm.cs.fs.common.model.simple.SimplePerson> edu.hm.cs.fs.restapi.controller.v1.PersonController.getPersons() throws java.lang.Exception
22.10.2015 19:09:21.047 [main] INFO  o.s.w.s.m.m.a.RequestMappingHandlerMapping - Mapped "{[/rest/api/1/publicTransport],methods=[],params=[],headers=[],consumes=[],produces=[],custom=[]}" onto public java.util.List<edu.hm.cs.fs.common.model.PublicTransport> edu.hm.cs.fs.restapi.controller.v1.PublicTransportController.getPublicTransports(edu.hm.cs.fs.common.constant.PublicTransportLocation) throws java.lang.Exception
22.10.2015 19:09:21.053 [main] INFO  o.s.w.s.m.m.a.RequestMappingHandlerMapping - Mapped "{[/rest/api/1/room],methods=[],params=[],headers=[],consumes=[],produces=[],custom=[]}" onto public java.util.List<edu.hm.cs.fs.common.model.simple.SimpleRoom> edu.hm.cs.fs.restapi.controller.v1.RoomController.getRoomByDateTime(edu.hm.cs.fs.common.constant.RoomType,edu.hm.cs.fs.common.constant.Day,int,int) throws java.lang.Exception
22.10.2015 19:09:21.056 [main] INFO  o.s.w.s.m.m.a.RequestMappingHandlerMapping - Mapped "{[/rest/api/1/timetable/modules],methods=[],params=[],headers=[],consumes=[],produces=[],custom=[]}" onto public java.util.List<edu.hm.cs.fs.common.model.LessonGroup> edu.hm.cs.fs.restapi.controller.v1.TimetableController.getLessonsGroups(edu.hm.cs.fs.common.model.Group) throws java.lang.Exception
22.10.2015 19:09:21.056 [main] INFO  o.s.w.s.m.m.a.RequestMappingHandlerMapping - Mapped "{[/rest/api/1/timetable/lessons],methods=[],params=[],headers=[],consumes=[],produces=[],custom=[]}" onto public java.util.List<edu.hm.cs.fs.common.model.Lesson> edu.hm.cs.fs.restapi.controller.v1.TimetableController.getLessons(edu.hm.cs.fs.common.model.Group,java.lang.String,java.lang.String,int) throws java.lang.Exception
22.10.2015 19:09:21.062 [main] INFO  o.s.w.s.m.m.a.RequestMappingHandlerMapping - Mapped "{[/error],methods=[],params=[],headers=[],consumes=[],produces=[],custom=[]}" onto public org.springframework.http.ResponseEntity<java.util.Map<java.lang.String, java.lang.Object>> org.springframework.boot.autoconfigure.web.BasicErrorController.error(javax.servlet.http.HttpServletRequest)
22.10.2015 19:09:21.063 [main] INFO  o.s.w.s.m.m.a.RequestMappingHandlerMapping - Mapped "{[/error],methods=[],params=[],headers=[],consumes=[],produces=[text/html],custom=[]}" onto public org.springframework.web.servlet.ModelAndView org.springframework.boot.autoconfigure.web.BasicErrorController.errorHtml(javax.servlet.http.HttpServletRequest)
22.10.2015 19:09:21.245 [main] INFO  o.s.w.s.m.m.a.RequestMappingHandlerAdapter - Looking for @ControllerAdvice: org.springframework.boot.context.embedded.AnnotationConfigEmbeddedWebApplicationContext@2f490758: startup date [Thu Oct 22 19:09:13 CEST 2015]; root of context hierarchy
22.10.2015 19:09:21.348 [main] INFO  o.s.w.s.h.SimpleUrlHandlerMapping - Mapped URL path [/webjars/**] onto handler of type [class org.springframework.web.servlet.resource.ResourceHttpRequestHandler]
22.10.2015 19:09:21.348 [main] INFO  o.s.w.s.h.SimpleUrlHandlerMapping - Mapped URL path [/**] onto handler of type [class org.springframework.web.servlet.resource.ResourceHttpRequestHandler]
22.10.2015 19:09:21.387 [main] INFO  o.s.w.s.m.m.a.ExceptionHandlerExceptionResolver - Detected @ExceptionHandler methods in defaultExceptionHandler
22.10.2015 19:09:21.427 [main] INFO  o.s.w.s.h.SimpleUrlHandlerMapping - Mapped URL path [/**/favicon.ico] onto handler of type [class org.springframework.web.servlet.resource.ResourceHttpRequestHandler]
22.10.2015 19:09:21.616 [main] INFO  o.s.j.e.a.AnnotationMBeanExporter - Registering beans for JMX exposure on startup
22.10.2015 19:09:21.654 [main] INFO  o.a.coyote.http11.Http11NioProtocol - Initializing ProtocolHandler ["http-nio-8080"]
22.10.2015 19:09:21.664 [main] INFO  o.a.coyote.http11.Http11NioProtocol - Starting ProtocolHandler ["http-nio-8080"]
22.10.2015 19:09:21.681 [main] INFO  o.a.tomcat.util.net.NioSelectorPool - Using a shared selector for servlet write/read
22.10.2015 19:09:21.715 [main] INFO  o.s.b.c.e.t.TomcatEmbeddedServletContainer - Tomcat started on port(s): 8080 (http)
22.10.2015 19:09:21.717 [main] INFO  edu.hm.cs.fs.restapi.Application - Started Application in 9.832 seconds (JVM running for 11.66)
22.10.2015 19:09:21.720 [pool-1-thread-1] INFO  edu.hm.cs.fs.restapi.Application - Start updating cache files
22.10.2015 19:09:21.728 [pool-1-thread-1] INFO  e.h.c.f.r.p.cache.CachedPersonParser - Start updating cache file for CachedPersonParser
22.10.2015 19:09:26.166 [pool-1-thread-1] INFO  e.h.c.f.r.p.cache.CachedPersonParser - Finished updating cache file for CachedPersonParser
22.10.2015 19:09:26.169 [pool-1-thread-1] INFO  e.h.c.f.r.p.cache.CachedModuleParser - Start updating cache file for CachedModuleParser
22.10.2015 19:09:48.585 [pool-1-thread-1] INFO  e.h.c.f.r.p.cache.CachedModuleParser - Finished updating cache file for CachedModuleParser
22.10.2015 19:09:48.590 [pool-1-thread-1] INFO  e.h.c.f.r.p.c.CachedBlackboardParser - Start updating cache file for CachedBlackboardParser
22.10.2015 19:09:48.798 [pool-1-thread-1] INFO  e.h.c.f.r.p.c.CachedBlackboardParser - Finished updating cache file for CachedBlackboardParser
22.10.2015 19:09:48.801 [pool-1-thread-1] INFO  e.h.c.f.r.p.c.CachedOccupiedParser - Start updating cache file for CachedOccupiedParser
22.10.2015 19:09:50.667 [pool-1-thread-1] INFO  e.h.c.f.r.p.c.CachedOccupiedParser - Finished updating cache file for CachedOccupiedParser
22.10.2015 19:09:50.667 [pool-1-thread-1] INFO  edu.hm.cs.fs.restapi.Application - Finished updating cache files
22.10.2015 19:11:46.755 [http-nio-8080-exec-1] INFO  o.a.c.c.C.[Tomcat].[localhost].[/] - Initializing Spring FrameworkServlet 'dispatcherServlet'
22.10.2015 19:11:46.755 [http-nio-8080-exec-1] INFO  o.s.web.servlet.DispatcherServlet - FrameworkServlet 'dispatcherServlet': initialization started
22.10.2015 19:11:46.819 [http-nio-8080-exec-1] INFO  o.s.web.servlet.DispatcherServlet - FrameworkServlet 'dispatcherServlet': initialization completed in 64 ms
22.10.2015 19:11:46.916 [http-nio-8080-exec-1] INFO  e.h.c.f.r.p.cache.CachedLessonParser - Start updating cache file for CachedLessonParser
22.10.2015 19:11:48.941 [http-nio-8080-exec-1] INFO  e.h.c.f.r.p.cache.CachedLessonParser - Finished updating cache file for CachedLessonParser
22.10.2015 19:11:49.201 [http-nio-8080-exec-1] ERROR e.h.c.f.r.DefaultExceptionHandler - java.io.IOException: Eine bestehende Verbindung wurde softwaregesteuert
durch den Hostcomputer abgebrochen
org.apache.catalina.connector.ClientAbortException: java.io.IOException: Eine bestehende Verbindung wurde softwaregesteuert
durch den Hostcomputer abgebrochen
	at org.apache.catalina.connector.OutputBuffer.realWriteBytes(OutputBuffer.java:393) ~[tomcat-embed-core-8.0.23.jar:8.0.23]
	at org.apache.tomcat.util.buf.ByteChunk.flushBuffer(ByteChunk.java:426) ~[tomcat-embed-core-8.0.23.jar:8.0.23]
	at org.apache.catalina.connector.OutputBuffer.doFlush(OutputBuffer.java:342) ~[tomcat-embed-core-8.0.23.jar:8.0.23]
	at org.apache.catalina.connector.OutputBuffer.flush(OutputBuffer.java:317) ~[tomcat-embed-core-8.0.23.jar:8.0.23]
	at org.apache.catalina.connector.CoyoteOutputStream.flush(CoyoteOutputStream.java:110) ~[tomcat-embed-core-8.0.23.jar:8.0.23]
	at com.fasterxml.jackson.core.json.UTF8JsonGenerator.flush(UTF8JsonGenerator.java:1039) ~[jackson-core-2.4.6.jar:2.4.6]
	at com.fasterxml.jackson.databind.ObjectMapper.writeValue(ObjectMapper.java:1904) ~[jackson-databind-2.4.6.jar:2.4.6]
	at org.springframework.http.converter.json.AbstractJackson2HttpMessageConverter.writeInternal(AbstractJackson2HttpMessageConverter.java:231) ~[spring-web-4.1.6.RELEASE.jar:4.1.6.RELEASE]
	at org.springframework.http.converter.AbstractHttpMessageConverter.write(AbstractHttpMessageConverter.java:208) ~[spring-web-4.1.6.RELEASE.jar:4.1.6.RELEASE]
	at org.springframework.web.servlet.mvc.method.annotation.AbstractMessageConverterMethodProcessor.writeWithMessageConverters(AbstractMessageConverterMethodProcessor.java:161) ~[spring-webmvc-4.1.6.RELEASE.jar:4.1.6.RELEASE]
	at org.springframework.web.servlet.mvc.method.annotation.AbstractMessageConverterMethodProcessor.writeWithMessageConverters(AbstractMessageConverterMethodProcessor.java:101) ~[spring-webmvc-4.1.6.RELEASE.jar:4.1.6.RELEASE]
	at org.springframework.web.servlet.mvc.method.annotation.RequestResponseBodyMethodProcessor.handleReturnValue(RequestResponseBodyMethodProcessor.java:167) ~[spring-webmvc-4.1.6.RELEASE.jar:4.1.6.RELEASE]
	at org.springframework.web.method.support.HandlerMethodReturnValueHandlerComposite.handleReturnValue(HandlerMethodReturnValueHandlerComposite.java:71) ~[spring-web-4.1.6.RELEASE.jar:4.1.6.RELEASE]
	at org.springframework.web.servlet.mvc.method.annotation.ServletInvocableHandlerMethod.invokeAndHandle(ServletInvocableHandlerMethod.java:126) ~[spring-webmvc-4.1.6.RELEASE.jar:4.1.6.RELEASE]
	at org.springframework.web.servlet.mvc.method.annotation.RequestMappingHandlerAdapter.invokeHandleMethod(RequestMappingHandlerAdapter.java:776) ~[spring-webmvc-4.1.6.RELEASE.jar:4.1.6.RELEASE]
	at org.springframework.web.servlet.mvc.method.annotation.RequestMappingHandlerAdapter.handleInternal(RequestMappingHandlerAdapter.java:705) ~[spring-webmvc-4.1.6.RELEASE.jar:4.1.6.RELEASE]
	at org.springframework.web.servlet.mvc.method.AbstractHandlerMethodAdapter.handle(AbstractHandlerMethodAdapter.java:85) ~[spring-webmvc-4.1.6.RELEASE.jar:4.1.6.RELEASE]
	at org.springframework.web.servlet.DispatcherServlet.doDispatch(DispatcherServlet.java:959) ~[spring-webmvc-4.1.6.RELEASE.jar:4.1.6.RELEASE]
	at org.springframework.web.servlet.DispatcherServlet.doService(DispatcherServlet.java:893) ~[spring-webmvc-4.1.6.RELEASE.jar:4.1.6.RELEASE]
	at org.springframework.web.servlet.FrameworkServlet.processRequest(FrameworkServlet.java:966) [spring-webmvc-4.1.6.RELEASE.jar:4.1.6.RELEASE]
	at org.springframework.web.servlet.FrameworkServlet.doGet(FrameworkServlet.java:857) [spring-webmvc-4.1.6.RELEASE.jar:4.1.6.RELEASE]
	at javax.servlet.http.HttpServlet.service(HttpServlet.java:622) [tomcat-embed-core-8.0.23.jar:8.0.23]
	at org.springframework.web.servlet.FrameworkServlet.service(FrameworkServlet.java:842) [spring-webmvc-4.1.6.RELEASE.jar:4.1.6.RELEASE]
	at javax.servlet.http.HttpServlet.service(HttpServlet.java:729) [tomcat-embed-core-8.0.23.jar:8.0.23]
	at org.apache.catalina.core.ApplicationFilterChain.internalDoFilter(ApplicationFilterChain.java:291) [tomcat-embed-core-8.0.23.jar:8.0.23]
	at org.apache.catalina.core.ApplicationFilterChain.doFilter(ApplicationFilterChain.java:206) [tomcat-embed-core-8.0.23.jar:8.0.23]
	at org.apache.tomcat.websocket.server.WsFilter.doFilter(WsFilter.java:52) [tomcat-embed-websocket-8.0.23.jar:8.0.23]
	at org.apache.catalina.core.ApplicationFilterChain.internalDoFilter(ApplicationFilterChain.java:239) [tomcat-embed-core-8.0.23.jar:8.0.23]
	at org.apache.catalina.core.ApplicationFilterChain.doFilter(ApplicationFilterChain.java:206) [tomcat-embed-core-8.0.23.jar:8.0.23]
	at edu.hm.cs.fs.restapi.SimpleCORSFilter.doFilter(SimpleCORSFilter.java:34) [classes/:na]
	at org.apache.catalina.core.ApplicationFilterChain.internalDoFilter(ApplicationFilterChain.java:239) [tomcat-embed-core-8.0.23.jar:8.0.23]
	at org.apache.catalina.core.ApplicationFilterChain.doFilter(ApplicationFilterChain.java:206) [tomcat-embed-core-8.0.23.jar:8.0.23]
	at org.springframework.web.filter.HiddenHttpMethodFilter.doFilterInternal(HiddenHttpMethodFilter.java:77) [spring-web-4.1.6.RELEASE.jar:4.1.6.RELEASE]
	at org.springframework.web.filter.OncePerRequestFilter.doFilter(OncePerRequestFilter.java:107) [spring-web-4.1.6.RELEASE.jar:4.1.6.RELEASE]
	at org.apache.catalina.core.ApplicationFilterChain.internalDoFilter(ApplicationFilterChain.java:239) [tomcat-embed-core-8.0.23.jar:8.0.23]
	at org.apache.catalina.core.ApplicationFilterChain.doFilter(ApplicationFilterChain.java:206) [tomcat-embed-core-8.0.23.jar:8.0.23]
	at org.springframework.web.filter.CharacterEncodingFilter.doFilterInternal(CharacterEncodingFilter.java:85) [spring-web-4.1.6.RELEASE.jar:4.1.6.RELEASE]
	at org.springframework.web.filter.OncePerRequestFilter.doFilter(OncePerRequestFilter.java:107) [spring-web-4.1.6.RELEASE.jar:4.1.6.RELEASE]
	at org.apache.catalina.core.ApplicationFilterChain.internalDoFilter(ApplicationFilterChain.java:239) [tomcat-embed-core-8.0.23.jar:8.0.23]
	at org.apache.catalina.core.ApplicationFilterChain.doFilter(ApplicationFilterChain.java:206) [tomcat-embed-core-8.0.23.jar:8.0.23]
	at org.apache.catalina.core.StandardWrapperValve.invoke(StandardWrapperValve.java:219) [tomcat-embed-core-8.0.23.jar:8.0.23]
	at org.apache.catalina.core.StandardContextValve.invoke(StandardContextValve.java:106) [tomcat-embed-core-8.0.23.jar:8.0.23]
	at org.apache.catalina.authenticator.AuthenticatorBase.invoke(AuthenticatorBase.java:502) [tomcat-embed-core-8.0.23.jar:8.0.23]
	at org.apache.catalina.core.StandardHostValve.invoke(StandardHostValve.java:142) [tomcat-embed-core-8.0.23.jar:8.0.23]
	at org.apache.catalina.valves.ErrorReportValve.invoke(ErrorReportValve.java:79) [tomcat-embed-core-8.0.23.jar:8.0.23]
	at org.apache.catalina.core.StandardEngineValve.invoke(StandardEngineValve.java:88) [tomcat-embed-core-8.0.23.jar:8.0.23]
	at org.apache.catalina.connector.CoyoteAdapter.service(CoyoteAdapter.java:518) [tomcat-embed-core-8.0.23.jar:8.0.23]
	at org.apache.coyote.http11.AbstractHttp11Processor.process(AbstractHttp11Processor.java:1091) [tomcat-embed-core-8.0.23.jar:8.0.23]
	at org.apache.coyote.AbstractProtocol$AbstractConnectionHandler.process(AbstractProtocol.java:668) [tomcat-embed-core-8.0.23.jar:8.0.23]
	at org.apache.tomcat.util.net.NioEndpoint$SocketProcessor.doRun(NioEndpoint.java:1521) [tomcat-embed-core-8.0.23.jar:8.0.23]
	at org.apache.tomcat.util.net.NioEndpoint$SocketProcessor.run(NioEndpoint.java:1478) [tomcat-embed-core-8.0.23.jar:8.0.23]
	at java.util.concurrent.ThreadPoolExecutor.runWorker(Unknown Source) [na:1.8.0_20]
	at java.util.concurrent.ThreadPoolExecutor$Worker.run(Unknown Source) [na:1.8.0_20]
	at org.apache.tomcat.util.threads.TaskThread$WrappingRunnable.run(TaskThread.java:61) [tomcat-embed-core-8.0.23.jar:8.0.23]
	at java.lang.Thread.run(Unknown Source) [na:1.8.0_20]
Caused by: java.io.IOException: Eine bestehende Verbindung wurde softwaregesteuert
durch den Hostcomputer abgebrochen
	at sun.nio.ch.SocketDispatcher.write0(Native Method) ~[na:1.8.0_20]
	at sun.nio.ch.SocketDispatcher.write(Unknown Source) ~[na:1.8.0_20]
	at sun.nio.ch.IOUtil.writeFromNativeBuffer(Unknown Source) ~[na:1.8.0_20]
	at sun.nio.ch.IOUtil.write(Unknown Source) ~[na:1.8.0_20]
	at sun.nio.ch.SocketChannelImpl.write(Unknown Source) ~[na:1.8.0_20]
	at org.apache.tomcat.util.net.NioChannel.write(NioChannel.java:127) ~[tomcat-embed-core-8.0.23.jar:8.0.23]
	at org.apache.tomcat.util.net.NioBlockingSelector.write(NioBlockingSelector.java:101) ~[tomcat-embed-core-8.0.23.jar:8.0.23]
	at org.apache.tomcat.util.net.NioSelectorPool.write(NioSelectorPool.java:173) ~[tomcat-embed-core-8.0.23.jar:8.0.23]
	at org.apache.coyote.http11.InternalNioOutputBuffer.writeToSocket(InternalNioOutputBuffer.java:139) ~[tomcat-embed-core-8.0.23.jar:8.0.23]
	at org.apache.coyote.http11.InternalNioOutputBuffer.addToBB(InternalNioOutputBuffer.java:197) ~[tomcat-embed-core-8.0.23.jar:8.0.23]
	at org.apache.coyote.http11.InternalNioOutputBuffer.access$000(InternalNioOutputBuffer.java:41) ~[tomcat-embed-core-8.0.23.jar:8.0.23]
	at org.apache.coyote.http11.InternalNioOutputBuffer$SocketOutputBuffer.doWrite(InternalNioOutputBuffer.java:320) ~[tomcat-embed-core-8.0.23.jar:8.0.23]
	at org.apache.coyote.http11.filters.ChunkedOutputFilter.doWrite(ChunkedOutputFilter.java:116) ~[tomcat-embed-core-8.0.23.jar:8.0.23]
	at org.apache.coyote.http11.AbstractOutputBuffer.doWrite(AbstractOutputBuffer.java:256) ~[tomcat-embed-core-8.0.23.jar:8.0.23]
	at org.apache.coyote.Response.doWrite(Response.java:503) ~[tomcat-embed-core-8.0.23.jar:8.0.23]
	at org.apache.catalina.connector.OutputBuffer.realWriteBytes(OutputBuffer.java:388) ~[tomcat-embed-core-8.0.23.jar:8.0.23]
	... 54 common frames omitted
22.10.2015 19:11:49.243 [http-nio-8080-exec-1] ERROR o.s.w.s.m.m.a.ExceptionHandlerExceptionResolver - Failed to invoke @ExceptionHandler method: edu.hm.cs.fs.common.model.ExceptionResponse edu.hm.cs.fs.restapi.DefaultExceptionHandler.defaultErrorHandler(javax.servlet.http.HttpServletRequest,java.lang.Exception)
org.apache.catalina.connector.ClientAbortException: java.io.IOException: Eine bestehende Verbindung wurde softwaregesteuert
durch den Hostcomputer abgebrochen
	at org.apache.catalina.connector.OutputBuffer.realWriteBytes(OutputBuffer.java:393) ~[tomcat-embed-core-8.0.23.jar:8.0.23]
	at org.apache.tomcat.util.buf.ByteChunk.flushBuffer(ByteChunk.java:426) ~[tomcat-embed-core-8.0.23.jar:8.0.23]
	at org.apache.catalina.connector.OutputBuffer.doFlush(OutputBuffer.java:342) ~[tomcat-embed-core-8.0.23.jar:8.0.23]
	at org.apache.catalina.connector.OutputBuffer.flush(OutputBuffer.java:317) ~[tomcat-embed-core-8.0.23.jar:8.0.23]
	at org.apache.catalina.connector.CoyoteOutputStream.flush(CoyoteOutputStream.java:110) ~[tomcat-embed-core-8.0.23.jar:8.0.23]
	at com.fasterxml.jackson.core.json.UTF8JsonGenerator.flush(UTF8JsonGenerator.java:1039) ~[jackson-core-2.4.6.jar:2.4.6]
	at com.fasterxml.jackson.databind.ObjectMapper.writeValue(ObjectMapper.java:1904) ~[jackson-databind-2.4.6.jar:2.4.6]
	at org.springframework.http.converter.json.AbstractJackson2HttpMessageConverter.writeInternal(AbstractJackson2HttpMessageConverter.java:231) ~[spring-web-4.1.6.RELEASE.jar:4.1.6.RELEASE]
	at org.springframework.http.converter.AbstractHttpMessageConverter.write(AbstractHttpMessageConverter.java:208) ~[spring-web-4.1.6.RELEASE.jar:4.1.6.RELEASE]
	at org.springframework.web.servlet.mvc.method.annotation.AbstractMessageConverterMethodProcessor.writeWithMessageConverters(AbstractMessageConverterMethodProcessor.java:161) ~[spring-webmvc-4.1.6.RELEASE.jar:4.1.6.RELEASE]
	at org.springframework.web.servlet.mvc.method.annotation.AbstractMessageConverterMethodProcessor.writeWithMessageConverters(AbstractMessageConverterMethodProcessor.java:101) ~[spring-webmvc-4.1.6.RELEASE.jar:4.1.6.RELEASE]
	at org.springframework.web.servlet.mvc.method.annotation.RequestResponseBodyMethodProcessor.handleReturnValue(RequestResponseBodyMethodProcessor.java:167) ~[spring-webmvc-4.1.6.RELEASE.jar:4.1.6.RELEASE]
	at org.springframework.web.method.support.HandlerMethodReturnValueHandlerComposite.handleReturnValue(HandlerMethodReturnValueHandlerComposite.java:71) ~[spring-web-4.1.6.RELEASE.jar:4.1.6.RELEASE]
	at org.springframework.web.servlet.mvc.method.annotation.ServletInvocableHandlerMethod.invokeAndHandle(ServletInvocableHandlerMethod.java:126) ~[spring-webmvc-4.1.6.RELEASE.jar:4.1.6.RELEASE]
	at org.springframework.web.servlet.mvc.method.annotation.ExceptionHandlerExceptionResolver.doResolveHandlerMethodException(ExceptionHandlerExceptionResolver.java:362) ~[spring-webmvc-4.1.6.RELEASE.jar:4.1.6.RELEASE]
	at org.springframework.web.servlet.handler.AbstractHandlerMethodExceptionResolver.doResolveException(AbstractHandlerMethodExceptionResolver.java:60) [spring-webmvc-4.1.6.RELEASE.jar:4.1.6.RELEASE]
	at org.springframework.web.servlet.handler.AbstractHandlerExceptionResolver.resolveException(AbstractHandlerExceptionResolver.java:138) [spring-webmvc-4.1.6.RELEASE.jar:4.1.6.RELEASE]
	at org.springframework.web.servlet.handler.HandlerExceptionResolverComposite.resolveException(HandlerExceptionResolverComposite.java:74) [spring-webmvc-4.1.6.RELEASE.jar:4.1.6.RELEASE]
	at org.springframework.web.servlet.DispatcherServlet.processHandlerException(DispatcherServlet.java:1183) [spring-webmvc-4.1.6.RELEASE.jar:4.1.6.RELEASE]
	at org.springframework.web.servlet.DispatcherServlet.processDispatchResult(DispatcherServlet.java:1020) [spring-webmvc-4.1.6.RELEASE.jar:4.1.6.RELEASE]
	at org.springframework.web.servlet.DispatcherServlet.doDispatch(DispatcherServlet.java:971) [spring-webmvc-4.1.6.RELEASE.jar:4.1.6.RELEASE]
	at org.springframework.web.servlet.DispatcherServlet.doService(DispatcherServlet.java:893) [spring-webmvc-4.1.6.RELEASE.jar:4.1.6.RELEASE]
	at org.springframework.web.servlet.FrameworkServlet.processRequest(FrameworkServlet.java:966) [spring-webmvc-4.1.6.RELEASE.jar:4.1.6.RELEASE]
	at org.springframework.web.servlet.FrameworkServlet.doGet(FrameworkServlet.java:857) [spring-webmvc-4.1.6.RELEASE.jar:4.1.6.RELEASE]
	at javax.servlet.http.HttpServlet.service(HttpServlet.java:622) [tomcat-embed-core-8.0.23.jar:8.0.23]
	at org.springframework.web.servlet.FrameworkServlet.service(FrameworkServlet.java:842) [spring-webmvc-4.1.6.RELEASE.jar:4.1.6.RELEASE]
	at javax.servlet.http.HttpServlet.service(HttpServlet.java:729) [tomcat-embed-core-8.0.23.jar:8.0.23]
	at org.apache.catalina.core.ApplicationFilterChain.internalDoFilter(ApplicationFilterChain.java:291) [tomcat-embed-core-8.0.23.jar:8.0.23]
	at org.apache.catalina.core.ApplicationFilterChain.doFilter(ApplicationFilterChain.java:206) [tomcat-embed-core-8.0.23.jar:8.0.23]
	at org.apache.tomcat.websocket.server.WsFilter.doFilter(WsFilter.java:52) [tomcat-embed-websocket-8.0.23.jar:8.0.23]
	at org.apache.catalina.core.ApplicationFilterChain.internalDoFilter(ApplicationFilterChain.java:239) [tomcat-embed-core-8.0.23.jar:8.0.23]
	at org.apache.catalina.core.ApplicationFilterChain.doFilter(ApplicationFilterChain.java:206) [tomcat-embed-core-8.0.23.jar:8.0.23]
	at edu.hm.cs.fs.restapi.SimpleCORSFilter.doFilter(SimpleCORSFilter.java:34) [classes/:na]
	at org.apache.catalina.core.ApplicationFilterChain.internalDoFilter(ApplicationFilterChain.java:239) [tomcat-embed-core-8.0.23.jar:8.0.23]
	at org.apache.catalina.core.ApplicationFilterChain.doFilter(ApplicationFilterChain.java:206) [tomcat-embed-core-8.0.23.jar:8.0.23]
	at org.springframework.web.filter.HiddenHttpMethodFilter.doFilterInternal(HiddenHttpMethodFilter.java:77) [spring-web-4.1.6.RELEASE.jar:4.1.6.RELEASE]
	at org.springframework.web.filter.OncePerRequestFilter.doFilter(OncePerRequestFilter.java:107) [spring-web-4.1.6.RELEASE.jar:4.1.6.RELEASE]
	at org.apache.catalina.core.ApplicationFilterChain.internalDoFilter(ApplicationFilterChain.java:239) [tomcat-embed-core-8.0.23.jar:8.0.23]
	at org.apache.catalina.core.ApplicationFilterChain.doFilter(ApplicationFilterChain.java:206) [tomcat-embed-core-8.0.23.jar:8.0.23]
	at org.springframework.web.filter.CharacterEncodingFilter.doFilterInternal(CharacterEncodingFilter.java:85) [spring-web-4.1.6.RELEASE.jar:4.1.6.RELEASE]
	at org.springframework.web.filter.OncePerRequestFilter.doFilter(OncePerRequestFilter.java:107) [spring-web-4.1.6.RELEASE.jar:4.1.6.RELEASE]
	at org.apache.catalina.core.ApplicationFilterChain.internalDoFilter(ApplicationFilterChain.java:239) [tomcat-embed-core-8.0.23.jar:8.0.23]
	at org.apache.catalina.core.ApplicationFilterChain.doFilter(ApplicationFilterChain.java:206) [tomcat-embed-core-8.0.23.jar:8.0.23]
	at org.apache.catalina.core.StandardWrapperValve.invoke(StandardWrapperValve.java:219) [tomcat-embed-core-8.0.23.jar:8.0.23]
	at org.apache.catalina.core.StandardContextValve.invoke(StandardContextValve.java:106) [tomcat-embed-core-8.0.23.jar:8.0.23]
	at org.apache.catalina.authenticator.AuthenticatorBase.invoke(AuthenticatorBase.java:502) [tomcat-embed-core-8.0.23.jar:8.0.23]
	at org.apache.catalina.core.StandardHostValve.invoke(StandardHostValve.java:142) [tomcat-embed-core-8.0.23.jar:8.0.23]
	at org.apache.catalina.valves.ErrorReportValve.invoke(ErrorReportValve.java:79) [tomcat-embed-core-8.0.23.jar:8.0.23]
	at org.apache.catalina.core.StandardEngineValve.invoke(StandardEngineValve.java:88) [tomcat-embed-core-8.0.23.jar:8.0.23]
	at org.apache.catalina.connector.CoyoteAdapter.service(CoyoteAdapter.java:518) [tomcat-embed-core-8.0.23.jar:8.0.23]
	at org.apache.coyote.http11.AbstractHttp11Processor.process(AbstractHttp11Processor.java:1091) [tomcat-embed-core-8.0.23.jar:8.0.23]
	at org.apache.coyote.AbstractProtocol$AbstractConnectionHandler.process(AbstractProtocol.java:668) [tomcat-embed-core-8.0.23.jar:8.0.23]
	at org.apache.tomcat.util.net.NioEndpoint$SocketProcessor.doRun(NioEndpoint.java:1521) [tomcat-embed-core-8.0.23.jar:8.0.23]
	at org.apache.tomcat.util.net.NioEndpoint$SocketProcessor.run(NioEndpoint.java:1478) [tomcat-embed-core-8.0.23.jar:8.0.23]
	at java.util.concurrent.ThreadPoolExecutor.runWorker(Unknown Source) [na:1.8.0_20]
	at java.util.concurrent.ThreadPoolExecutor$Worker.run(Unknown Source) [na:1.8.0_20]
	at org.apache.tomcat.util.threads.TaskThread$WrappingRunnable.run(TaskThread.java:61) [tomcat-embed-core-8.0.23.jar:8.0.23]
	at java.lang.Thread.run(Unknown Source) [na:1.8.0_20]
Caused by: java.io.IOException: Eine bestehende Verbindung wurde softwaregesteuert
durch den Hostcomputer abgebrochen
	at sun.nio.ch.SocketDispatcher.write0(Native Method) ~[na:1.8.0_20]
	at sun.nio.ch.SocketDispatcher.write(Unknown Source) ~[na:1.8.0_20]
	at sun.nio.ch.IOUtil.writeFromNativeBuffer(Unknown Source) ~[na:1.8.0_20]
	at sun.nio.ch.IOUtil.write(Unknown Source) ~[na:1.8.0_20]
	at sun.nio.ch.SocketChannelImpl.write(Unknown Source) ~[na:1.8.0_20]
	at org.apache.tomcat.util.net.NioChannel.write(NioChannel.java:127) ~[tomcat-embed-core-8.0.23.jar:8.0.23]
	at org.apache.tomcat.util.net.NioBlockingSelector.write(NioBlockingSelector.java:101) ~[tomcat-embed-core-8.0.23.jar:8.0.23]
	at org.apache.tomcat.util.net.NioSelectorPool.write(NioSelectorPool.java:173) ~[tomcat-embed-core-8.0.23.jar:8.0.23]
	at org.apache.coyote.http11.InternalNioOutputBuffer.writeToSocket(InternalNioOutputBuffer.java:139) ~[tomcat-embed-core-8.0.23.jar:8.0.23]
	at org.apache.coyote.http11.InternalNioOutputBuffer.flushBuffer(InternalNioOutputBuffer.java:244) ~[tomcat-embed-core-8.0.23.jar:8.0.23]
	at org.apache.coyote.http11.InternalNioOutputBuffer.addToBB(InternalNioOutputBuffer.java:189) ~[tomcat-embed-core-8.0.23.jar:8.0.23]
	at org.apache.coyote.http11.InternalNioOutputBuffer.access$000(InternalNioOutputBuffer.java:41) ~[tomcat-embed-core-8.0.23.jar:8.0.23]
	at org.apache.coyote.http11.InternalNioOutputBuffer$SocketOutputBuffer.doWrite(InternalNioOutputBuffer.java:320) ~[tomcat-embed-core-8.0.23.jar:8.0.23]
	at org.apache.coyote.http11.filters.ChunkedOutputFilter.doWrite(ChunkedOutputFilter.java:116) ~[tomcat-embed-core-8.0.23.jar:8.0.23]
	at org.apache.coyote.http11.AbstractOutputBuffer.doWrite(AbstractOutputBuffer.java:256) ~[tomcat-embed-core-8.0.23.jar:8.0.23]
	at org.apache.coyote.Response.doWrite(Response.java:503) ~[tomcat-embed-core-8.0.23.jar:8.0.23]
	at org.apache.catalina.connector.OutputBuffer.realWriteBytes(OutputBuffer.java:388) ~[tomcat-embed-core-8.0.23.jar:8.0.23]
	... 57 common frames omitted
22.10.2015 19:11:50.088 [http-nio-8080-exec-2] INFO  e.h.c.f.r.p.cache.CachedLessonParser - Start updating cache file for CachedLessonParser
22.10.2015 19:11:51.610 [http-nio-8080-exec-2] INFO  e.h.c.f.r.p.cache.CachedLessonParser - Finished updating cache file for CachedLessonParser
